<?xml version="1.0" encoding="UTF-8"?>
<!-- Generated by org.testng.reporters.JUnitReportReporter -->
<testsuite hostname="DESKTOP-R8OT5TI" failures="0" tests="1" name="Day8.APIChainingCreateUser" time="4.338" errors="0" timestamp="2023-05-12T23:03:31 IST" skipped="0">
  <testcase classname="Day8.APIChainingCreateUser" name="createuser" time="4.338"/>
  <system-out/>
</testsuite> <!-- Day8.APIChainingCreateUser -->
