<?xml version="1.0" encoding="UTF-8"?>
<!-- Generated by org.testng.reporters.JUnitReportReporter -->
<testsuite hostname="DESKTOP-R8OT5TI" failures="0" tests="2" name="Day3.Cookiess" time="4.171" errors="0" timestamp="2023-04-07T12:56:15 IST" skipped="0">
  <testcase classname="Day3.Cookiess" name="CaputureResCookies" time="0.837"/>
  <system-out/>
  <testcase classname="Day3.Cookiess" name="CaptureSingleCookiess" time="3.334"/>
  <system-out/>
</testsuite> <!-- Day3.Cookiess -->
