<?xml version="1.0" encoding="UTF-8"?>
<!-- Generated by org.testng.reporters.JUnitReportReporter -->
<testsuite hostname="DESKTOP-R8OT5TI" failures="0" tests="2" name="Day3.Headers" time="7.007" errors="0" timestamp="2023-04-07T13:38:48 IST" skipped="0">
  <testcase classname="Day3.Headers" name="GetHeaders" time="4.614"/>
  <system-out/>
  <testcase classname="Day3.Headers" name="getheader" time="2.393"/>
  <system-out/>
</testsuite> <!-- Day3.Headers -->
