<?xml version="1.0" encoding="UTF-8"?>
<!-- Generated by org.testng.reporters.JUnitReportReporter -->
<testsuite hostname="DESKTOP-R8OT5TI" failures="0" tests="2" name="Day3.getHeaders" time="6.096" errors="0" timestamp="2023-04-07T13:48:10 IST" skipped="0">
  <testcase classname="Day3.getHeaders" name="getheader" time="0.900"/>
  <system-out/>
  <testcase classname="Day3.getHeaders" name="GetHeaders" time="5.196"/>
  <system-out/>
</testsuite> <!-- Day3.getHeaders -->
