<?xml version="1.0" encoding="UTF-8"?>
<!-- Generated by org.testng.reporters.JUnitReportReporter -->
<testsuite hostname="DESKTOP-R8OT5TI" failures="0" tests="3" name="Day5.fileuploadNdownload" time="4.034" errors="0" timestamp="2023-05-06T19:00:24 IST" skipped="0">
  <testcase classname="Day5.fileuploadNdownload" name="multifileuploadArray" time="0.567"/>
  <system-out/>
  <testcase classname="Day5.fileuploadNdownload" name="singlefileupload" time="0.149"/>
  <system-out/>
  <testcase classname="Day5.fileuploadNdownload" name="multifileupload" time="3.318"/>
  <system-out/>
</testsuite> <!-- Day5.fileuploadNdownload -->
