<?xml version="1.0" encoding="UTF-8"?>
<!-- Generated by org.testng.reporters.JUnitReportReporter -->
<testsuite hostname="DESKTOP-R8OT5TI" failures="0" tests="1" name="Day5.ParsingXMLResponse" time="4.146" errors="0" timestamp="2023-04-21T21:15:41 IST" skipped="0">
  <testcase classname="Day5.ParsingXMLResponse" name="ParseXMLobjAsString" time="4.146"/>
  <system-out/>
</testsuite> <!-- Day5.ParsingXMLResponse -->
