<?xml version="1.0" encoding="UTF-8"?>
<!-- Generated by org.testng.reporters.JUnitReportReporter -->
<testsuite hostname="DESKTOP-R8OT5TI" failures="0" tests="4" name="Day1.HTTPRequest" time="8.086" errors="0" timestamp="2023-04-04T15:25:31 IST" skipped="0">
  <testcase classname="Day1.HTTPRequest" name="getusers" time="3.391"/>
  <system-out/>
  <testcase classname="Day1.HTTPRequest" name="CreateUser" time="3.162"/>
  <system-out/>
  <testcase classname="Day1.HTTPRequest" name="Updateuser" time="0.670"/>
  <system-out/>
  <testcase classname="Day1.HTTPRequest" name="RemoveUser" time="0.863"/>
  <system-out/>
</testsuite> <!-- Day1.HTTPRequest -->
