<?xml version="1.0" encoding="UTF-8"?>
<!-- Generated by org.testng.reporters.JUnitReportReporter -->
<testsuite hostname="DESKTOP-R8OT5TI" failures="0" tests="1" name="Day4.parsingJsonResponseData" time="13.138" errors="1" timestamp="2023-04-16T20:39:43 IST" skipped="0">
  <testcase classname="Day4.parsingJsonResponseData" name="captureResponse" time="13.138">
    <error type="java.lang.StackOverflowError">
      <![CDATA[java.lang.StackOverflowError
at java.base/java.lang.Class.getMethodsRecursive(Class.java:3543)
at java.base/java.lang.Class.getMethodsRecursive(Class.java:3557)
at java.base/java.lang.Class.getMethodsRecursive(Class.java:3557)
at java.base/java.lang.Class.getMethod0(Class.java:3529)
at java.base/java.lang.Class.getMethod(Class.java:2225)
at org.json.JSONObject.getAnnotationDepth(JSONObject.java:1732)
at org.json.JSONObject.getKeyNameFromMethod(JSONObject.java:1598)
at org.json.JSONObject.populateMap(JSONObject.java:1556)
at org.json.JSONObject.populateMap(JSONObject.java:1537)
at org.json.JSONObject.<init>(JSONObject.java:374)
at org.json.JSONObject.wrap(JSONObject.java:2506)
at org.json.JSONObject.wrap(JSONObject.java:2464)
at org.json.JSONArray.addAll(JSONArray.java:1661)
at org.json.JSONArray.<init>(JSONArray.java:228)
at org.json.JSONObject.wrap(JSONObject.java:2488)
at org.json.JSONObject.populateMap(JSONObject.java:1570)
at org.json.JSONObject.populateMap(JSONObject.java:1537)
at org.json.JSONObject.<init>(JSONObject.java:374)
at org.json.JSONObject.wrap(JSONObject.java:2506)
at org.json.JSONObject.wrap(JSONObject.java:2464)
at org.json.JSONArray.addAll(JSONArray.java:1661)
at org.json.JSONArray.<init>(JSONArray.java:228)
at org.json.JSONObject.wrap(JSONObject.java:2488)
at org.json.JSONObject.populateMap(JSONObject.java:1570)
at org.json.JSONObject.populateMap(JSONObject.java:1537)
at org.json.JSONObject.<init>(JSONObject.java:374)
at org.json.JSONObject.wrap(JSONObject.java:2506)
at org.json.JSONObject.wrap(JSONObject.java:2464)
at org.json.JSONArray.addAll(JSONArray.java:1661)
at org.json.JSONArray.<init>(JSONArray.java:228)
at org.json.JSONObject.wrap(JSONObject.java:2488)
at org.json.JSONObject.populateMap(JSONObject.java:1570)
at org.json.JSONObject.populateMap(JSONObject.java:1537)
at org.json.JSONObject.<init>(JSONObject.java:374)
at org.json.JSONObject.wrap(JSONObject.java:2506)
at org.json.JSONObject.wrap(JSONObject.java:2464)
at org.json.JSONArray.addAll(JSONArray.java:1661)
at org.json.JSONArray.<init>(JSONArray.java:228)
at org.json.JSONObject.wrap(JSONObject.java:2488)
at org.json.JSONObject.populateMap(JSONObject.java:1570)
at org.json.JSONObject.populateMap(JSONObject.java:1537)
at org.json.JSONObject.<init>(JSONObject.java:374)
at org.json.JSONObject.wrap(JSONObject.java:2506)
at org.json.JSONObject.wrap(JSONObject.java:2464)
at org.json.JSONArray.addAll(JSONArray.java:1661)
at org.json.JSONArray.<init>(JSONArray.java:228)
at org.json.JSONObject.wrap(JSONObject.java:2488)
at org.json.JSONObject.populateMap(JSONObject.java:1570)
at org.json.JSONObject.populateMap(JSONObject.java:1537)
at org.json.JSONObject.<init>(JSONObject.java:374)
at org.json.JSONObject.wrap(JSONObject.java:2506)
at org.json.JSONObject.wrap(JSONObject.java:2464)
at org.json.JSONArray.addAll(JSONArray.java:1661)
at org.json.JSONArray.<init>(JSONArray.java:228)
at org.json.JSONObject.wrap(JSONObject.java:2488)
at org.json.JSONObject.populateMap(JSONObject.java:1570)
at org.json.JSONObject.populateMap(JSONObject.java:1537)
at org.json.JSONObject.<init>(JSONObject.java:374)
at org.json.JSONObject.wrap(JSONObject.java:2506)
at org.json.JSONObject.wrap(JSONObject.java:2464)
at org.json.JSONArray.addAll(JSONArray.java:1661)
at org.json.JSONArray.<init>(JSONArray.java:228)
at org.json.JSONObject.wrap(JSONObject.java:2488)
at org.json.JSONObject.populateMap(JSONObject.java:1570)
at org.json.JSONObject.populateMap(JSONObject.java:1537)
at org.json.JSONObject.<init>(JSONObject.java:374)
at org.json.JSONObject.wrap(JSONObject.java:2506)
at org.json.JSONObject.wrap(JSONObject.java:2464)
at org.json.JSONArray.addAll(JSONArray.java:1661)
at org.json.JSONArray.<init>(JSONArray.java:228)
at org.json.JSONObject.wrap(JSONObject.java:2488)
at org.json.JSONObject.populateMap(JSONObject.java:1570)
at org.json.JSONObject.populateMap(JSONObject.java:1537)
at org.json.JSONObject.<init>(JSONObject.java:374)
at org.json.JSONObject.wrap(JSONObject.java:2506)
at org.json.JSONObject.wrap(JSONObject.java:2464)
at org.json.JSONArray.addAll(JSONArray.java:1661)
at org.json.JSONArray.<init>(JSONArray.java:228)
at org.json.JSONObject.wrap(JSONObject.java:2488)
at org.json.JSONObject.populateMap(JSONObject.java:1570)
at org.json.JSONObject.populateMap(JSONObject.java:1537)
at org.json.JSONObject.<init>(JSONObject.java:374)
at org.json.JSONObject.wrap(JSONObject.java:2506)
at org.json.JSONObject.wrap(JSONObject.java:2464)
at org.json.JSONArray.addAll(JSONArray.java:1661)
at org.json.JSONArray.<init>(JSONArray.java:228)
at org.json.JSONObject.wrap(JSONObject.java:2488)
at org.json.JSONObject.populateMap(JSONObject.java:1570)
at org.json.JSONObject.populateMap(JSONObject.java:1537)
at org.json.JSONObject.<init>(JSONObject.java:374)
at org.json.JSONObject.wrap(JSONObject.java:2506)
at org.json.JSONObject.wrap(JSONObject.java:2464)
at org.json.JSONArray.addAll(JSONArray.java:1661)
at org.json.JSONArray.<init>(JSONArray.java:228)
at org.json.JSONObject.wrap(JSONObject.java:2488)
at org.json.JSONObject.populateMap(JSONObject.java:1570)
at org.json.JSONObject.populateMap(JSONObject.java:1537)
at org.json.JSONObject.<init>(JSONObject.java:374)
at org.json.JSONObject.wrap(JSONObject.java:2506)
at org.json.JSONObject.wrap(JSONObject.java:2464)
at org.json.JSONArray.addAll(JSONArray.java:1661)
at org.json.JSONArray.<init>(JSONArray.java:228)
at org.json.JSONObject.wrap(JSONObject.java:2488)
at org.json.JSONObject.populateMap(JSONObject.java:1570)
at org.json.JSONObject.populateMap(JSONObject.java:1537)
at org.json.JSONObject.<init>(JSONObject.java:374)
at org.json.JSONObject.wrap(JSONObject.java:2506)
at org.json.JSONObject.wrap(JSONObject.java:2464)
at org.json.JSONArray.addAll(JSONArray.java:1661)
at org.json.JSONArray.<init>(JSONArray.java:228)
at org.json.JSONObject.wrap(JSONObject.java:2488)
at org.json.JSONObject.populateMap(JSONObject.java:1570)
at org.json.JSONObject.populateMap(JSONObject.java:1537)
at org.json.JSONObject.<init>(JSONObject.java:374)
at org.json.JSONObject.wrap(JSONObject.java:2506)
at org.json.JSONObject.wrap(JSONObject.java:2464)
at org.json.JSONArray.addAll(JSONArray.java:1661)
at org.json.JSONArray.<init>(JSONArray.java:228)
at org.json.JSONObject.wrap(JSONObject.java:2488)
at org.json.JSONObject.populateMap(JSONObject.java:1570)
at org.json.JSONObject.populateMap(JSONObject.java:1537)
at org.json.JSONObject.<init>(JSONObject.java:374)
at org.json.JSONObject.wrap(JSONObject.java:2506)
at org.json.JSONObject.wrap(JSONObject.java:2464)
at org.json.JSONArray.addAll(JSONArray.java:1661)
at org.json.JSONArray.<init>(JSONArray.java:228)
at org.json.JSONObject.wrap(JSONObject.java:2488)
at org.json.JSONObject.populateMap(JSONObject.java:1570)
at org.json.JSONObject.populateMap(JSONObject.java:1537)
at org.json.JSONObject.<init>(JSONObject.java:374)
at org.json.JSONObject.wrap(JSONObject.java:2506)
at org.json.JSONObject.wrap(JSONObject.java:2464)
at org.json.JSONArray.addAll(JSONArray.java:1661)
at org.json.JSONArray.<init>(JSONArray.java:228)
at org.json.JSONObject.wrap(JSONObject.java:2488)
at org.json.JSONObject.populateMap(JSONObject.java:1570)
at org.json.JSONObject.populateMap(JSONObject.java:1537)
at org.json.JSONObject.<init>(JSONObject.java:374)
at org.json.JSONObject.wrap(JSONObject.java:2506)
at org.json.JSONObject.wrap(JSONObject.java:2464)
at org.json.JSONArray.addAll(JSONArray.java:1661)
at org.json.JSONArray.<init>(JSONArray.java:228)
at org.json.JSONObject.wrap(JSONObject.java:2488)
at org.json.JSONObject.populateMap(JSONObject.java:1570)
at org.json.JSONObject.populateMap(JSONObject.java:1537)
at org.json.JSONObject.<init>(JSONObject.java:374)
at org.json.JSONObject.wrap(JSONObject.java:2506)
at org.json.JSONObject.wrap(JSONObject.java:2464)
at org.json.JSONArray.addAll(JSONArray.java:1661)
at org.json.JSONArray.<init>(JSONArray.java:228)
at org.json.JSONObject.wrap(JSONObject.java:2488)
at org.json.JSONObject.populateMap(JSONObject.java:1570)
at org.json.JSONObject.populateMap(JSONObject.java:1537)
at org.json.JSONObject.<init>(JSONObject.java:374)
at org.json.JSONObject.wrap(JSONObject.java:2506)
at org.json.JSONObject.wrap(JSONObject.java:2464)
at org.json.JSONArray.addAll(JSONArray.java:1661)
at org.json.JSONArray.<init>(JSONArray.java:228)
at org.json.JSONObject.wrap(JSONObject.java:2488)
at org.json.JSONObject.populateMap(JSONObject.java:1570)
at org.json.JSONObject.populateMap(JSONObject.java:1537)
at org.json.JSONObject.<init>(JSONObject.java:374)
at org.json.JSONObject.wrap(JSONObject.java:2506)
at org.json.JSONObject.wrap(JSONObject.java:2464)
at org.json.JSONArray.addAll(JSONArray.java:1661)
at org.json.JSONArray.<init>(JSONArray.java:228)
at org.json.JSONObject.wrap(JSONObject.java:2488)
at org.json.JSONObject.populateMap(JSONObject.java:1570)
at org.json.JSONObject.populateMap(JSONObject.java:1537)
at org.json.JSONObject.<init>(JSONObject.java:374)
at org.json.JSONObject.wrap(JSONObject.java:2506)
at org.json.JSONObject.wrap(JSONObject.java:2464)
at org.json.JSONArray.addAll(JSONArray.java:1661)
at org.json.JSONArray.<init>(JSONArray.java:228)
at org.json.JSONObject.wrap(JSONObject.java:2488)
at org.json.JSONObject.populateMap(JSONObject.java:1570)
at org.json.JSONObject.populateMap(JSONObject.java:1537)
at org.json.JSONObject.<init>(JSONObject.java:374)
at org.json.JSONObject.wrap(JSONObject.java:2506)
at org.json.JSONObject.wrap(JSONObject.java:2464)
at org.json.JSONArray.addAll(JSONArray.java:1661)
at org.json.JSONArray.<init>(JSONArray.java:228)
at org.json.JSONObject.wrap(JSONObject.java:2488)
at org.json.JSONObject.populateMap(JSONObject.java:1570)
at org.json.JSONObject.populateMap(JSONObject.java:1537)
at org.json.JSONObject.<init>(JSONObject.java:374)
at org.json.JSONObject.wrap(JSONObject.java:2506)
at org.json.JSONObject.wrap(JSONObject.java:2464)
at org.json.JSONArray.addAll(JSONArray.java:1661)
at org.json.JSONArray.<init>(JSONArray.java:228)
at org.json.JSONObject.wrap(JSONObject.java:2488)
at org.json.JSONObject.populateMap(JSONObject.java:1570)
at org.json.JSONObject.populateMap(JSONObject.java:1537)
at org.json.JSONObject.<init>(JSONObject.java:374)
at org.json.JSONObject.wrap(JSONObject.java:2506)
at org.json.JSONObject.wrap(JSONObject.java:2464)
at org.json.JSONArray.addAll(JSONArray.java:1661)
at org.json.JSONArray.<init>(JSONArray.java:228)
at org.json.JSONObject.wrap(JSONObject.java:2488)
at org.json.JSONObject.populateMap(JSONObject.java:1570)
at org.json.JSONObject.populateMap(JSONObject.java:1537)
at org.json.JSONObject.<init>(JSONObject.java:374)
at org.json.JSONObject.wrap(JSONObject.java:2506)
at org.json.JSONObject.wrap(JSONObject.java:2464)
at org.json.JSONArray.addAll(JSONArray.java:1661)
at org.json.JSONArray.<init>(JSONArray.java:228)
at org.json.JSONObject.wrap(JSONObject.java:2488)
at org.json.JSONObject.populateMap(JSONObject.java:1570)
at org.json.JSONObject.populateMap(JSONObject.java:1537)
at org.json.JSONObject.<init>(JSONObject.java:374)
at org.json.JSONObject.wrap(JSONObject.java:2506)
at org.json.JSONObject.wrap(JSONObject.java:2464)
at org.json.JSONArray.addAll(JSONArray.java:1661)
at org.json.JSONArray.<init>(JSONArray.java:228)
at org.json.JSONObject.wrap(JSONObject.java:2488)
at org.json.JSONObject.populateMap(JSONObject.java:1570)
at org.json.JSONObject.populateMap(JSONObject.java:1537)
at org.json.JSONObject.<init>(JSONObject.java:374)
at org.json.JSONObject.wrap(JSONObject.java:2506)
at org.json.JSONObject.wrap(JSONObject.java:2464)
at org.json.JSONArray.addAll(JSONArray.java:1661)
at org.json.JSONArray.<init>(JSONArray.java:228)
at org.json.JSONObject.wrap(JSONObject.java:2488)
at org.json.JSONObject.populateMap(JSONObject.java:1570)
at org.json.JSONObject.populateMap(JSONObject.java:1537)
at org.json.JSONObject.<init>(JSONObject.java:374)
at org.json.JSONObject.wrap(JSONObject.java:2506)
at org.json.JSONObject.wrap(JSONObject.java:2464)
at org.json.JSONArray.addAll(JSONArray.java:1661)
at org.json.JSONArray.<init>(JSONArray.java:228)
at org.json.JSONObject.wrap(JSONObject.java:2488)
at org.json.JSONObject.populateMap(JSONObject.java:1570)
at org.json.JSONObject.populateMap(JSONObject.java:1537)
at org.json.JSONObject.<init>(JSONObject.java:374)
at org.json.JSONObject.wrap(JSONObject.java:2506)
at org.json.JSONObject.wrap(JSONObject.java:2464)
at org.json.JSONArray.addAll(JSONArray.java:1661)
at org.json.JSONArray.<init>(JSONArray.java:228)
at org.json.JSONObject.wrap(JSONObject.java:2488)
at org.json.JSONObject.populateMap(JSONObject.java:1570)
at org.json.JSONObject.populateMap(JSONObject.java:1537)
at org.json.JSONObject.<init>(JSONObject.java:374)
at org.json.JSONObject.wrap(JSONObject.java:2506)
at org.json.JSONObject.wrap(JSONObject.java:2464)
at org.json.JSONArray.addAll(JSONArray.java:1661)
at org.json.JSONArray.<init>(JSONArray.java:228)
at org.json.JSONObject.wrap(JSONObject.java:2488)
at org.json.JSONObject.populateMap(JSONObject.java:1570)
at org.json.JSONObject.populateMap(JSONObject.java:1537)
at org.json.JSONObject.<init>(JSONObject.java:374)
at org.json.JSONObject.wrap(JSONObject.java:2506)
at org.json.JSONObject.wrap(JSONObject.java:2464)
at org.json.JSONArray.addAll(JSONArray.java:1661)
at org.json.JSONArray.<init>(JSONArray.java:228)
at org.json.JSONObject.wrap(JSONObject.java:2488)
at org.json.JSONObject.populateMap(JSONObject.java:1570)
at org.json.JSONObject.populateMap(JSONObject.java:1537)
at org.json.JSONObject.<init>(JSONObject.java:374)
at org.json.JSONObject.wrap(JSONObject.java:2506)
at org.json.JSONObject.wrap(JSONObject.java:2464)
at org.json.JSONArray.addAll(JSONArray.java:1661)
at org.json.JSONArray.<init>(JSONArray.java:228)
at org.json.JSONObject.wrap(JSONObject.java:2488)
at org.json.JSONObject.populateMap(JSONObject.java:1570)
at org.json.JSONObject.populateMap(JSONObject.java:1537)
at org.json.JSONObject.<init>(JSONObject.java:374)
at org.json.JSONObject.wrap(JSONObject.java:2506)
at org.json.JSONObject.wrap(JSONObject.java:2464)
at org.json.JSONArray.addAll(JSONArray.java:1661)
at org.json.JSONArray.<init>(JSONArray.java:228)
at org.json.JSONObject.wrap(JSONObject.java:2488)
at org.json.JSONObject.populateMap(JSONObject.java:1570)
at org.json.JSONObject.populateMap(JSONObject.java:1537)
at org.json.JSONObject.<init>(JSONObject.java:374)
at org.json.JSONObject.wrap(JSONObject.java:2506)
at org.json.JSONObject.wrap(JSONObject.java:2464)
at org.json.JSONArray.addAll(JSONArray.java:1661)
at org.json.JSONArray.<init>(JSONArray.java:228)
at org.json.JSONObject.wrap(JSONObject.java:2488)
at org.json.JSONObject.populateMap(JSONObject.java:1570)
at org.json.JSONObject.populateMap(JSONObject.java:1537)
at org.json.JSONObject.<init>(JSONObject.java:374)
at org.json.JSONObject.wrap(JSONObject.java:2506)
at org.json.JSONObject.wrap(JSONObject.java:2464)
at org.json.JSONArray.addAll(JSONArray.java:1661)
at org.json.JSONArray.<init>(JSONArray.java:228)
at org.json.JSONObject.wrap(JSONObject.java:2488)
at org.json.JSONObject.populateMap(JSONObject.java:1570)
at org.json.JSONObject.populateMap(JSONObject.java:1537)
at org.json.JSONObject.<init>(JSONObject.java:374)
at org.json.JSONObject.wrap(JSONObject.java:2506)
at org.json.JSONObject.wrap(JSONObject.java:2464)
at org.json.JSONArray.addAll(JSONArray.java:1661)
at org.json.JSONArray.<init>(JSONArray.java:228)
at org.json.JSONObject.wrap(JSONObject.java:2488)
at org.json.JSONObject.populateMap(JSONObject.java:1570)
at org.json.JSONObject.populateMap(JSONObject.java:1537)
at org.json.JSONObject.<init>(JSONObject.java:374)
at org.json.JSONObject.wrap(JSONObject.java:2506)
at org.json.JSONObject.wrap(JSONObject.java:2464)
at org.json.JSONArray.addAll(JSONArray.java:1661)
at org.json.JSONArray.<init>(JSONArray.java:228)
at org.json.JSONObject.wrap(JSONObject.java:2488)
at org.json.JSONObject.populateMap(JSONObject.java:1570)
at org.json.JSONObject.populateMap(JSONObject.java:1537)
at org.json.JSONObject.<init>(JSONObject.java:374)
at org.json.JSONObject.wrap(JSONObject.java:2506)
at org.json.JSONObject.wrap(JSONObject.java:2464)
at org.json.JSONArray.addAll(JSONArray.java:1661)
at org.json.JSONArray.<init>(JSONArray.java:228)
at org.json.JSONObject.wrap(JSONObject.java:2488)
at org.json.JSONObject.populateMap(JSONObject.java:1570)
at org.json.JSONObject.populateMap(JSONObject.java:1537)
at org.json.JSONObject.<init>(JSONObject.java:374)
at org.json.JSONObject.wrap(JSONObject.java:2506)
at org.json.JSONObject.wrap(JSONObject.java:2464)
at org.json.JSONArray.addAll(JSONArray.java:1661)
at org.json.JSONArray.<init>(JSONArray.java:228)
at org.json.JSONObject.wrap(JSONObject.java:2488)
at org.json.JSONObject.populateMap(JSONObject.java:1570)
at org.json.JSONObject.populateMap(JSONObject.java:1537)
at org.json.JSONObject.<init>(JSONObject.java:374)
at org.json.JSONObject.wrap(JSONObject.java:2506)
at org.json.JSONObject.wrap(JSONObject.java:2464)
at org.json.JSONArray.addAll(JSONArray.java:1661)
at org.json.JSONArray.<init>(JSONArray.java:228)
at org.json.JSONObject.wrap(JSONObject.java:2488)
at org.json.JSONObject.populateMap(JSONObject.java:1570)
at org.json.JSONObject.populateMap(JSONObject.java:1537)
at org.json.JSONObject.<init>(JSONObject.java:374)
at org.json.JSONObject.wrap(JSONObject.java:2506)
at org.json.JSONObject.wrap(JSONObject.java:2464)
at org.json.JSONArray.addAll(JSONArray.java:1661)
at org.json.JSONArray.<init>(JSONArray.java:228)
at org.json.JSONObject.wrap(JSONObject.java:2488)
at org.json.JSONObject.populateMap(JSONObject.java:1570)
at org.json.JSONObject.populateMap(JSONObject.java:1537)
at org.json.JSONObject.<init>(JSONObject.java:374)
at org.json.JSONObject.wrap(JSONObject.java:2506)
at org.json.JSONObject.wrap(JSONObject.java:2464)
at org.json.JSONArray.addAll(JSONArray.java:1661)
at org.json.JSONArray.<init>(JSONArray.java:228)
at org.json.JSONObject.wrap(JSONObject.java:2488)
at org.json.JSONObject.populateMap(JSONObject.java:1570)
at org.json.JSONObject.populateMap(JSONObject.java:1537)
at org.json.JSONObject.<init>(JSONObject.java:374)
at org.json.JSONObject.wrap(JSONObject.java:2506)
at org.json.JSONObject.wrap(JSONObject.java:2464)
at org.json.JSONArray.addAll(JSONArray.java:1661)
at org.json.JSONArray.<init>(JSONArray.java:228)
at org.json.JSONObject.wrap(JSONObject.java:2488)
at org.json.JSONObject.populateMap(JSONObject.java:1570)
at org.json.JSONObject.populateMap(JSONObject.java:1537)
at org.json.JSONObject.<init>(JSONObject.java:374)
at org.json.JSONObject.wrap(JSONObject.java:2506)
at org.json.JSONObject.wrap(JSONObject.java:2464)
at org.json.JSONArray.addAll(JSONArray.java:1661)
at org.json.JSONArray.<init>(JSONArray.java:228)
at org.json.JSONObject.wrap(JSONObject.java:2488)
at org.json.JSONObject.populateMap(JSONObject.java:1570)
at org.json.JSONObject.populateMap(JSONObject.java:1537)
at org.json.JSONObject.<init>(JSONObject.java:374)
at org.json.JSONObject.wrap(JSONObject.java:2506)
at org.json.JSONObject.wrap(JSONObject.java:2464)
at org.json.JSONArray.addAll(JSONArray.java:1661)
at org.json.JSONArray.<init>(JSONArray.java:228)
at org.json.JSONObject.wrap(JSONObject.java:2488)
at org.json.JSONObject.populateMap(JSONObject.java:1570)
at org.json.JSONObject.populateMap(JSONObject.java:1537)
at org.json.JSONObject.<init>(JSONObject.java:374)
at org.json.JSONObject.wrap(JSONObject.java:2506)
at org.json.JSONObject.wrap(JSONObject.java:2464)
at org.json.JSONArray.addAll(JSONArray.java:1661)
at org.json.JSONArray.<init>(JSONArray.java:228)
at org.json.JSONObject.wrap(JSONObject.java:2488)
at org.json.JSONObject.populateMap(JSONObject.java:1570)
at org.json.JSONObject.populateMap(JSONObject.java:1537)
at org.json.JSONObject.<init>(JSONObject.java:374)
at org.json.JSONObject.wrap(JSONObject.java:2506)
at org.json.JSONObject.wrap(JSONObject.java:2464)
at org.json.JSONArray.addAll(JSONArray.java:1661)
at org.json.JSONArray.<init>(JSONArray.java:228)
at org.json.JSONObject.wrap(JSONObject.java:2488)
at org.json.JSONObject.populateMap(JSONObject.java:1570)
at org.json.JSONObject.populateMap(JSONObject.java:1537)
at org.json.JSONObject.<init>(JSONObject.java:374)
at org.json.JSONObject.wrap(JSONObject.java:2506)
at org.json.JSONObject.wrap(JSONObject.java:2464)
at org.json.JSONArray.addAll(JSONArray.java:1661)
at org.json.JSONArray.<init>(JSONArray.java:228)
at org.json.JSONObject.wrap(JSONObject.java:2488)
at org.json.JSONObject.populateMap(JSONObject.java:1570)
at org.json.JSONObject.populateMap(JSONObject.java:1537)
at org.json.JSONObject.<init>(JSONObject.java:374)
at org.json.JSONObject.wrap(JSONObject.java:2506)
at org.json.JSONObject.wrap(JSONObject.java:2464)
at org.json.JSONArray.addAll(JSONArray.java:1661)
at org.json.JSONArray.<init>(JSONArray.java:228)
at org.json.JSONObject.wrap(JSONObject.java:2488)
at org.json.JSONObject.populateMap(JSONObject.java:1570)
at org.json.JSONObject.populateMap(JSONObject.java:1537)
at org.json.JSONObject.<init>(JSONObject.java:374)
at org.json.JSONObject.wrap(JSONObject.java:2506)
at org.json.JSONObject.wrap(JSONObject.java:2464)
at org.json.JSONArray.addAll(JSONArray.java:1661)
at org.json.JSONArray.<init>(JSONArray.java:228)
at org.json.JSONObject.wrap(JSONObject.java:2488)
at org.json.JSONObject.populateMap(JSONObject.java:1570)
at org.json.JSONObject.populateMap(JSONObject.java:1537)
at org.json.JSONObject.<init>(JSONObject.java:374)
at org.json.JSONObject.wrap(JSONObject.java:2506)
at org.json.JSONObject.wrap(JSONObject.java:2464)
at org.json.JSONArray.addAll(JSONArray.java:1661)
at org.json.JSONArray.<init>(JSONArray.java:228)
at org.json.JSONObject.wrap(JSONObject.java:2488)
at org.json.JSONObject.populateMap(JSONObject.java:1570)
at org.json.JSONObject.populateMap(JSONObject.java:1537)
at org.json.JSONObject.<init>(JSONObject.java:374)
at org.json.JSONObject.wrap(JSONObject.java:2506)
at org.json.JSONObject.wrap(JSONObject.java:2464)
at org.json.JSONArray.addAll(JSONArray.java:1661)
at org.json.JSONArray.<init>(JSONArray.java:228)
at org.json.JSONObject.wrap(JSONObject.java:2488)
at org.json.JSONObject.populateMap(JSONObject.java:1570)
at org.json.JSONObject.populateMap(JSONObject.java:1537)
at org.json.JSONObject.<init>(JSONObject.java:374)
at org.json.JSONObject.wrap(JSONObject.java:2506)
at org.json.JSONObject.wrap(JSONObject.java:2464)
at org.json.JSONArray.addAll(JSONArray.java:1661)
at org.json.JSONArray.<init>(JSONArray.java:228)
at org.json.JSONObject.wrap(JSONObject.java:2488)
at org.json.JSONObject.populateMap(JSONObject.java:1570)
at org.json.JSONObject.populateMap(JSONObject.java:1537)
at org.json.JSONObject.<init>(JSONObject.java:374)
at org.json.JSONObject.wrap(JSONObject.java:2506)
at org.json.JSONObject.wrap(JSONObject.java:2464)
at org.json.JSONArray.addAll(JSONArray.java:1661)
at org.json.JSONArray.<init>(JSONArray.java:228)
at org.json.JSONObject.wrap(JSONObject.java:2488)
at org.json.JSONObject.populateMap(JSONObject.java:1570)
at org.json.JSONObject.populateMap(JSONObject.java:1537)
at org.json.JSONObject.<init>(JSONObject.java:374)
at org.json.JSONObject.wrap(JSONObject.java:2506)
at org.json.JSONObject.wrap(JSONObject.java:2464)
at org.json.JSONArray.addAll(JSONArray.java:1661)
at org.json.JSONArray.<init>(JSONArray.java:228)
at org.json.JSONObject.wrap(JSONObject.java:2488)
at org.json.JSONObject.populateMap(JSONObject.java:1570)
at org.json.JSONObject.populateMap(JSONObject.java:1537)
at org.json.JSONObject.<init>(JSONObject.java:374)
at org.json.JSONObject.wrap(JSONObject.java:2506)
at org.json.JSONObject.wrap(JSONObject.java:2464)
at org.json.JSONArray.addAll(JSONArray.java:1661)
at org.json.JSONArray.<init>(JSONArray.java:228)
at org.json.JSONObject.wrap(JSONObject.java:2488)
at org.json.JSONObject.populateMap(JSONObject.java:1570)
at org.json.JSONObject.populateMap(JSONObject.java:1537)
at org.json.JSONObject.<init>(JSONObject.java:374)
at org.json.JSONObject.wrap(JSONObject.java:2506)
at org.json.JSONObject.wrap(JSONObject.java:2464)
at org.json.JSONArray.addAll(JSONArray.java:1661)
at org.json.JSONArray.<init>(JSONArray.java:228)
at org.json.JSONObject.wrap(JSONObject.java:2488)
at org.json.JSONObject.populateMap(JSONObject.java:1570)
at org.json.JSONObject.populateMap(JSONObject.java:1537)
at org.json.JSONObject.<init>(JSONObject.java:374)
at org.json.JSONObject.wrap(JSONObject.java:2506)
at org.json.JSONObject.wrap(JSONObject.java:2464)
at org.json.JSONArray.addAll(JSONArray.java:1661)
at org.json.JSONArray.<init>(JSONArray.java:228)
at org.json.JSONObject.wrap(JSONObject.java:2488)
at org.json.JSONObject.populateMap(JSONObject.java:1570)
at org.json.JSONObject.populateMap(JSONObject.java:1537)
at org.json.JSONObject.<init>(JSONObject.java:374)
at org.json.JSONObject.wrap(JSONObject.java:2506)
at org.json.JSONObject.wrap(JSONObject.java:2464)
at org.json.JSONArray.addAll(JSONArray.java:1661)
at org.json.JSONArray.<init>(JSONArray.java:228)
at org.json.JSONObject.wrap(JSONObject.java:2488)
at org.json.JSONObject.populateMap(JSONObject.java:1570)
at org.json.JSONObject.populateMap(JSONObject.java:1537)
at org.json.JSONObject.<init>(JSONObject.java:374)
at org.json.JSONObject.wrap(JSONObject.java:2506)
at org.json.JSONObject.wrap(JSONObject.java:2464)
at org.json.JSONArray.addAll(JSONArray.java:1661)
at org.json.JSONArray.<init>(JSONArray.java:228)
at org.json.JSONObject.wrap(JSONObject.java:2488)
at org.json.JSONObject.populateMap(JSONObject.java:1570)
at org.json.JSONObject.populateMap(JSONObject.java:1537)
at org.json.JSONObject.<init>(JSONObject.java:374)
at org.json.JSONObject.wrap(JSONObject.java:2506)
at org.json.JSONObject.wrap(JSONObject.java:2464)
at org.json.JSONArray.addAll(JSONArray.java:1661)
at org.json.JSONArray.<init>(JSONArray.java:228)
at org.json.JSONObject.wrap(JSONObject.java:2488)
at org.json.JSONObject.populateMap(JSONObject.java:1570)
at org.json.JSONObject.populateMap(JSONObject.java:1537)
at org.json.JSONObject.<init>(JSONObject.java:374)
at org.json.JSONObject.wrap(JSONObject.java:2506)
at org.json.JSONObject.wrap(JSONObject.java:2464)
at org.json.JSONArray.addAll(JSONArray.java:1661)
at org.json.JSONArray.<init>(JSONArray.java:228)
at org.json.JSONObject.wrap(JSONObject.java:2488)
at org.json.JSONObject.populateMap(JSONObject.java:1570)
at org.json.JSONObject.populateMap(JSONObject.java:1537)
at org.json.JSONObject.<init>(JSONObject.java:374)
at org.json.JSONObject.wrap(JSONObject.java:2506)
at org.json.JSONObject.wrap(JSONObject.java:2464)
at org.json.JSONArray.addAll(JSONArray.java:1661)
at org.json.JSONArray.<init>(JSONArray.java:228)
at org.json.JSONObject.wrap(JSONObject.java:2488)
at org.json.JSONObject.populateMap(JSONObject.java:1570)
at org.json.JSONObject.populateMap(JSONObject.java:1537)
at org.json.JSONObject.<init>(JSONObject.java:374)
at org.json.JSONObject.wrap(JSONObject.java:2506)
at org.json.JSONObject.wrap(JSONObject.java:2464)
at org.json.JSONArray.addAll(JSONArray.java:1661)
at org.json.JSONArray.<init>(JSONArray.java:228)
at org.json.JSONObject.wrap(JSONObject.java:2488)
at org.json.JSONObject.populateMap(JSONObject.java:1570)
at org.json.JSONObject.populateMap(JSONObject.java:1537)
at org.json.JSONObject.<init>(JSONObject.java:374)
at org.json.JSONObject.wrap(JSONObject.java:2506)
at org.json.JSONObject.wrap(JSONObject.java:2464)
at org.json.JSONArray.addAll(JSONArray.java:1661)
at org.json.JSONArray.<init>(JSONArray.java:228)
at org.json.JSONObject.wrap(JSONObject.java:2488)
at org.json.JSONObject.populateMap(JSONObject.java:1570)
at org.json.JSONObject.populateMap(JSONObject.java:1537)
at org.json.JSONObject.<init>(JSONObject.java:374)
at org.json.JSONObject.wrap(JSONObject.java:2506)
at org.json.JSONObject.wrap(JSONObject.java:2464)
at org.json.JSONArray.addAll(JSONArray.java:1661)
at org.json.JSONArray.<init>(JSONArray.java:228)
at org.json.JSONObject.wrap(JSONObject.java:2488)
at org.json.JSONObject.populateMap(JSONObject.java:1570)
at org.json.JSONObject.populateMap(JSONObject.java:1537)
at org.json.JSONObject.<init>(JSONObject.java:374)
at org.json.JSONObject.wrap(JSONObject.java:2506)
at org.json.JSONObject.wrap(JSONObject.java:2464)
at org.json.JSONArray.addAll(JSONArray.java:1661)
at org.json.JSONArray.<init>(JSONArray.java:228)
at org.json.JSONObject.wrap(JSONObject.java:2488)
at org.json.JSONObject.populateMap(JSONObject.java:1570)
at org.json.JSONObject.populateMap(JSONObject.java:1537)
at org.json.JSONObject.<init>(JSONObject.java:374)
at org.json.JSONObject.wrap(JSONObject.java:2506)
at org.json.JSONObject.wrap(JSONObject.java:2464)
at org.json.JSONArray.addAll(JSONArray.java:1661)
at org.json.JSONArray.<init>(JSONArray.java:228)
at org.json.JSONObject.wrap(JSONObject.java:2488)
at org.json.JSONObject.populateMap(JSONObject.java:1570)
at org.json.JSONObject.populateMap(JSONObject.java:1537)
at org.json.JSONObject.<init>(JSONObject.java:374)
at org.json.JSONObject.wrap(JSONObject.java:2506)
at org.json.JSONObject.wrap(JSONObject.java:2464)
at org.json.JSONArray.addAll(JSONArray.java:1661)
at org.json.JSONArray.<init>(JSONArray.java:228)
at org.json.JSONObject.wrap(JSONObject.java:2488)
at org.json.JSONObject.populateMap(JSONObject.java:1570)
at org.json.JSONObject.populateMap(JSONObject.java:1537)
at org.json.JSONObject.<init>(JSONObject.java:374)
at org.json.JSONObject.wrap(JSONObject.java:2506)
at org.json.JSONObject.wrap(JSONObject.java:2464)
at org.json.JSONArray.addAll(JSONArray.java:1661)
at org.json.JSONArray.<init>(JSONArray.java:228)
at org.json.JSONObject.wrap(JSONObject.java:2488)
at org.json.JSONObject.populateMap(JSONObject.java:1570)
at org.json.JSONObject.populateMap(JSONObject.java:1537)
at org.json.JSONObject.<init>(JSONObject.java:374)
at org.json.JSONObject.wrap(JSONObject.java:2506)
at org.json.JSONObject.wrap(JSONObject.java:2464)
at org.json.JSONArray.addAll(JSONArray.java:1661)
at org.json.JSONArray.<init>(JSONArray.java:228)
at org.json.JSONObject.wrap(JSONObject.java:2488)
at org.json.JSONObject.populateMap(JSONObject.java:1570)
at org.json.JSONObject.populateMap(JSONObject.java:1537)
at org.json.JSONObject.<init>(JSONObject.java:374)
at org.json.JSONObject.wrap(JSONObject.java:2506)
at org.json.JSONObject.wrap(JSONObject.java:2464)
at org.json.JSONArray.addAll(JSONArray.java:1661)
at org.json.JSONArray.<init>(JSONArray.java:228)
at org.json.JSONObject.wrap(JSONObject.java:2488)
at org.json.JSONObject.populateMap(JSONObject.java:1570)
at org.json.JSONObject.populateMap(JSONObject.java:1537)
at org.json.JSONObject.<init>(JSONObject.java:374)
at org.json.JSONObject.wrap(JSONObject.java:2506)
at org.json.JSONObject.wrap(JSONObject.java:2464)
at org.json.JSONArray.addAll(JSONArray.java:1661)
at org.json.JSONArray.<init>(JSONArray.java:228)
at org.json.JSONObject.wrap(JSONObject.java:2488)
at org.json.JSONObject.populateMap(JSONObject.java:1570)
at org.json.JSONObject.populateMap(JSONObject.java:1537)
at org.json.JSONObject.<init>(JSONObject.java:374)
at org.json.JSONObject.wrap(JSONObject.java:2506)
at org.json.JSONObject.wrap(JSONObject.java:2464)
at org.json.JSONArray.addAll(JSONArray.java:1661)
at org.json.JSONArray.<init>(JSONArray.java:228)
at org.json.JSONObject.wrap(JSONObject.java:2488)
at org.json.JSONObject.populateMap(JSONObject.java:1570)
at org.json.JSONObject.populateMap(JSONObject.java:1537)
at org.json.JSONObject.<init>(JSONObject.java:374)
at org.json.JSONObject.wrap(JSONObject.java:2506)
at org.json.JSONObject.wrap(JSONObject.java:2464)
at org.json.JSONArray.addAll(JSONArray.java:1661)
at org.json.JSONArray.<init>(JSONArray.java:228)
at org.json.JSONObject.wrap(JSONObject.java:2488)
at org.json.JSONObject.populateMap(JSONObject.java:1570)
at org.json.JSONObject.populateMap(JSONObject.java:1537)
at org.json.JSONObject.<init>(JSONObject.java:374)
at org.json.JSONObject.wrap(JSONObject.java:2506)
at org.json.JSONObject.wrap(JSONObject.java:2464)
at org.json.JSONArray.addAll(JSONArray.java:1661)
at org.json.JSONArray.<init>(JSONArray.java:228)
at org.json.JSONObject.wrap(JSONObject.java:2488)
at org.json.JSONObject.populateMap(JSONObject.java:1570)
at org.json.JSONObject.populateMap(JSONObject.java:1537)
at org.json.JSONObject.<init>(JSONObject.java:374)
at org.json.JSONObject.wrap(JSONObject.java:2506)
at org.json.JSONObject.wrap(JSONObject.java:2464)
at org.json.JSONArray.addAll(JSONArray.java:1661)
at org.json.JSONArray.<init>(JSONArray.java:228)
at org.json.JSONObject.wrap(JSONObject.java:2488)
at org.json.JSONObject.populateMap(JSONObject.java:1570)
at org.json.JSONObject.populateMap(JSONObject.java:1537)
at org.json.JSONObject.<init>(JSONObject.java:374)
at org.json.JSONObject.wrap(JSONObject.java:2506)
at org.json.JSONObject.wrap(JSONObject.java:2464)
at org.json.JSONArray.addAll(JSONArray.java:1661)
at org.json.JSONArray.<init>(JSONArray.java:228)
at org.json.JSONObject.wrap(JSONObject.java:2488)
at org.json.JSONObject.populateMap(JSONObject.java:1570)
at org.json.JSONObject.populateMap(JSONObject.java:1537)
at org.json.JSONObject.<init>(JSONObject.java:374)
at org.json.JSONObject.wrap(JSONObject.java:2506)
at org.json.JSONObject.wrap(JSONObject.java:2464)
at org.json.JSONArray.addAll(JSONArray.java:1661)
at org.json.JSONArray.<init>(JSONArray.java:228)
at org.json.JSONObject.wrap(JSONObject.java:2488)
at org.json.JSONObject.populateMap(JSONObject.java:1570)
at org.json.JSONObject.populateMap(JSONObject.java:1537)
at org.json.JSONObject.<init>(JSONObject.java:374)
at org.json.JSONObject.wrap(JSONObject.java:2506)
at org.json.JSONObject.wrap(JSONObject.java:2464)
at org.json.JSONArray.addAll(JSONArray.java:1661)
at org.json.JSONArray.<init>(JSONArray.java:228)
at org.json.JSONObject.wrap(JSONObject.java:2488)
at org.json.JSONObject.populateMap(JSONObject.java:1570)
at org.json.JSONObject.populateMap(JSONObject.java:1537)
at org.json.JSONObject.<init>(JSONObject.java:374)
at org.json.JSONObject.wrap(JSONObject.java:2506)
at org.json.JSONObject.wrap(JSONObject.java:2464)
at org.json.JSONArray.addAll(JSONArray.java:1661)
at org.json.JSONArray.<init>(JSONArray.java:228)
at org.json.JSONObject.wrap(JSONObject.java:2488)
at org.json.JSONObject.populateMap(JSONObject.java:1570)
at org.json.JSONObject.populateMap(JSONObject.java:1537)
at org.json.JSONObject.<init>(JSONObject.java:374)
at org.json.JSONObject.wrap(JSONObject.java:2506)
at org.json.JSONObject.wrap(JSONObject.java:2464)
at org.json.JSONArray.addAll(JSONArray.java:1661)
at org.json.JSONArray.<init>(JSONArray.java:228)
at org.json.JSONObject.wrap(JSONObject.java:2488)
at org.json.JSONObject.populateMap(JSONObject.java:1570)
at org.json.JSONObject.populateMap(JSONObject.java:1537)
at org.json.JSONObject.<init>(JSONObject.java:374)
at org.json.JSONObject.wrap(JSONObject.java:2506)
at org.json.JSONObject.wrap(JSONObject.java:2464)
at org.json.JSONArray.addAll(JSONArray.java:1661)
at org.json.JSONArray.<init>(JSONArray.java:228)
at org.json.JSONObject.wrap(JSONObject.java:2488)
at org.json.JSONObject.populateMap(JSONObject.java:1570)
at org.json.JSONObject.populateMap(JSONObject.java:1537)
at org.json.JSONObject.<init>(JSONObject.java:374)
at org.json.JSONObject.wrap(JSONObject.java:2506)
at org.json.JSONObject.wrap(JSONObject.java:2464)
at org.json.JSONArray.addAll(JSONArray.java:1661)
at org.json.JSONArray.<init>(JSONArray.java:228)
at org.json.JSONObject.wrap(JSONObject.java:2488)
at org.json.JSONObject.populateMap(JSONObject.java:1570)
at org.json.JSONObject.populateMap(JSONObject.java:1537)
at org.json.JSONObject.<init>(JSONObject.java:374)
at org.json.JSONObject.wrap(JSONObject.java:2506)
at org.json.JSONObject.wrap(JSONObject.java:2464)
at org.json.JSONArray.addAll(JSONArray.java:1661)
at org.json.JSONArray.<init>(JSONArray.java:228)
at org.json.JSONObject.wrap(JSONObject.java:2488)
at org.json.JSONObject.populateMap(JSONObject.java:1570)
at org.json.JSONObject.populateMap(JSONObject.java:1537)
at org.json.JSONObject.<init>(JSONObject.java:374)
at org.json.JSONObject.wrap(JSONObject.java:2506)
at org.json.JSONObject.wrap(JSONObject.java:2464)
at org.json.JSONArray.addAll(JSONArray.java:1661)
at org.json.JSONArray.<init>(JSONArray.java:228)
at org.json.JSONObject.wrap(JSONObject.java:2488)
at org.json.JSONObject.populateMap(JSONObject.java:1570)
at org.json.JSONObject.populateMap(JSONObject.java:1537)
at org.json.JSONObject.<init>(JSONObject.java:374)
at org.json.JSONObject.wrap(JSONObject.java:2506)
at org.json.JSONObject.wrap(JSONObject.java:2464)
at org.json.JSONArray.addAll(JSONArray.java:1661)
at org.json.JSONArray.<init>(JSONArray.java:228)
at org.json.JSONObject.wrap(JSONObject.java:2488)
at org.json.JSONObject.populateMap(JSONObject.java:1570)
at org.json.JSONObject.populateMap(JSONObject.java:1537)
at org.json.JSONObject.<init>(JSONObject.java:374)
at org.json.JSONObject.wrap(JSONObject.java:2506)
at org.json.JSONObject.wrap(JSONObject.java:2464)
at org.json.JSONArray.addAll(JSONArray.java:1661)
at org.json.JSONArray.<init>(JSONArray.java:228)
at org.json.JSONObject.wrap(JSONObject.java:2488)
at org.json.JSONObject.populateMap(JSONObject.java:1570)
at org.json.JSONObject.populateMap(JSONObject.java:1537)
at org.json.JSONObject.<init>(JSONObject.java:374)
at org.json.JSONObject.wrap(JSONObject.java:2506)
at org.json.JSONObject.wrap(JSONObject.java:2464)
at org.json.JSONArray.addAll(JSONArray.java:1661)
at org.json.JSONArray.<init>(JSONArray.java:228)
at org.json.JSONObject.wrap(JSONObject.java:2488)
at org.json.JSONObject.populateMap(JSONObject.java:1570)
at org.json.JSONObject.populateMap(JSONObject.java:1537)
at org.json.JSONObject.<init>(JSONObject.java:374)
at org.json.JSONObject.wrap(JSONObject.java:2506)
at org.json.JSONObject.wrap(JSONObject.java:2464)
at org.json.JSONArray.addAll(JSONArray.java:1661)
at org.json.JSONArray.<init>(JSONArray.java:228)
at org.json.JSONObject.wrap(JSONObject.java:2488)
at org.json.JSONObject.populateMap(JSONObject.java:1570)
at org.json.JSONObject.populateMap(JSONObject.java:1537)
at org.json.JSONObject.<init>(JSONObject.java:374)
at org.json.JSONObject.wrap(JSONObject.java:2506)
at org.json.JSONObject.wrap(JSONObject.java:2464)
at org.json.JSONArray.addAll(JSONArray.java:1661)
at org.json.JSONArray.<init>(JSONArray.java:228)
at org.json.JSONObject.wrap(JSONObject.java:2488)
at org.json.JSONObject.populateMap(JSONObject.java:1570)
at org.json.JSONObject.populateMap(JSONObject.java:1537)
at org.json.JSONObject.<init>(JSONObject.java:374)
at org.json.JSONObject.wrap(JSONObject.java:2506)
at org.json.JSONObject.wrap(JSONObject.java:2464)
at org.json.JSONArray.addAll(JSONArray.java:1661)
at org.json.JSONArray.<init>(JSONArray.java:228)
at org.json.JSONObject.wrap(JSONObject.java:2488)
at org.json.JSONObject.populateMap(JSONObject.java:1570)
at org.json.JSONObject.populateMap(JSONObject.java:1537)
at org.json.JSONObject.<init>(JSONObject.java:374)
at org.json.JSONObject.wrap(JSONObject.java:2506)
at org.json.JSONObject.wrap(JSONObject.java:2464)
at org.json.JSONArray.addAll(JSONArray.java:1661)
at org.json.JSONArray.<init>(JSONArray.java:228)
at org.json.JSONObject.wrap(JSONObject.java:2488)
at org.json.JSONObject.populateMap(JSONObject.java:1570)
at org.json.JSONObject.populateMap(JSONObject.java:1537)
at org.json.JSONObject.<init>(JSONObject.java:374)
at org.json.JSONObject.wrap(JSONObject.java:2506)
at org.json.JSONObject.wrap(JSONObject.java:2464)
at org.json.JSONArray.addAll(JSONArray.java:1661)
at org.json.JSONArray.<init>(JSONArray.java:228)
at org.json.JSONObject.wrap(JSONObject.java:2488)
at org.json.JSONObject.populateMap(JSONObject.java:1570)
at org.json.JSONObject.populateMap(JSONObject.java:1537)
at org.json.JSONObject.<init>(JSONObject.java:374)
at org.json.JSONObject.wrap(JSONObject.java:2506)
at org.json.JSONObject.wrap(JSONObject.java:2464)
at org.json.JSONArray.addAll(JSONArray.java:1661)
at org.json.JSONArray.<init>(JSONArray.java:228)
at org.json.JSONObject.wrap(JSONObject.java:2488)
at org.json.JSONObject.populateMap(JSONObject.java:1570)
at org.json.JSONObject.populateMap(JSONObject.java:1537)
at org.json.JSONObject.<init>(JSONObject.java:374)
at org.json.JSONObject.wrap(JSONObject.java:2506)
at org.json.JSONObject.wrap(JSONObject.java:2464)
at org.json.JSONArray.addAll(JSONArray.java:1661)
at org.json.JSONArray.<init>(JSONArray.java:228)
at org.json.JSONObject.wrap(JSONObject.java:2488)
at org.json.JSONObject.populateMap(JSONObject.java:1570)
at org.json.JSONObject.populateMap(JSONObject.java:1537)
at org.json.JSONObject.<init>(JSONObject.java:374)
at org.json.JSONObject.wrap(JSONObject.java:2506)
at org.json.JSONObject.wrap(JSONObject.java:2464)
at org.json.JSONArray.addAll(JSONArray.java:1661)
at org.json.JSONArray.<init>(JSONArray.java:228)
at org.json.JSONObject.wrap(JSONObject.java:2488)
at org.json.JSONObject.populateMap(JSONObject.java:1570)
at org.json.JSONObject.populateMap(JSONObject.java:1537)
at org.json.JSONObject.<init>(JSONObject.java:374)
at org.json.JSONObject.wrap(JSONObject.java:2506)
at org.json.JSONObject.wrap(JSONObject.java:2464)
at org.json.JSONArray.addAll(JSONArray.java:1661)
at org.json.JSONArray.<init>(JSONArray.java:228)
at org.json.JSONObject.wrap(JSONObject.java:2488)
at org.json.JSONObject.populateMap(JSONObject.java:1570)
at org.json.JSONObject.populateMap(JSONObject.java:1537)
at org.json.JSONObject.<init>(JSONObject.java:374)
at org.json.JSONObject.wrap(JSONObject.java:2506)
at org.json.JSONObject.wrap(JSONObject.java:2464)
at org.json.JSONArray.addAll(JSONArray.java:1661)
at org.json.JSONArray.<init>(JSONArray.java:228)
at org.json.JSONObject.wrap(JSONObject.java:2488)
at org.json.JSONObject.populateMap(JSONObject.java:1570)
at org.json.JSONObject.populateMap(JSONObject.java:1537)
at org.json.JSONObject.<init>(JSONObject.java:374)
at org.json.JSONObject.wrap(JSONObject.java:2506)
at org.json.JSONObject.wrap(JSONObject.java:2464)
at org.json.JSONArray.addAll(JSONArray.java:1661)
at org.json.JSONArray.<init>(JSONArray.java:228)
at org.json.JSONObject.wrap(JSONObject.java:2488)
at org.json.JSONObject.populateMap(JSONObject.java:1570)
at org.json.JSONObject.populateMap(JSONObject.java:1537)
at org.json.JSONObject.<init>(JSONObject.java:374)
at org.json.JSONObject.wrap(JSONObject.java:2506)
at org.json.JSONObject.wrap(JSONObject.java:2464)
at org.json.JSONArray.addAll(JSONArray.java:1661)
at org.json.JSONArray.<init>(JSONArray.java:228)
at org.json.JSONObject.wrap(JSONObject.java:2488)
at org.json.JSONObject.populateMap(JSONObject.java:1570)
at org.json.JSONObject.populateMap(JSONObject.java:1537)
at org.json.JSONObject.<init>(JSONObject.java:374)
at org.json.JSONObject.wrap(JSONObject.java:2506)
at org.json.JSONObject.wrap(JSONObject.java:2464)
at org.json.JSONArray.addAll(JSONArray.java:1661)
at org.json.JSONArray.<init>(JSONArray.java:228)
at org.json.JSONObject.wrap(JSONObject.java:2488)
at org.json.JSONObject.populateMap(JSONObject.java:1570)
at org.json.JSONObject.populateMap(JSONObject.java:1537)
at org.json.JSONObject.<init>(JSONObject.java:374)
at org.json.JSONObject.wrap(JSONObject.java:2506)
at org.json.JSONObject.wrap(JSONObject.java:2464)
at org.json.JSONArray.addAll(JSONArray.java:1661)
at org.json.JSONArray.<init>(JSONArray.java:228)
at org.json.JSONObject.wrap(JSONObject.java:2488)
at org.json.JSONObject.populateMap(JSONObject.java:1570)
at org.json.JSONObject.populateMap(JSONObject.java:1537)
at org.json.JSONObject.<init>(JSONObject.java:374)
at org.json.JSONObject.wrap(JSONObject.java:2506)
at org.json.JSONObject.wrap(JSONObject.java:2464)
at org.json.JSONArray.addAll(JSONArray.java:1661)
at org.json.JSONArray.<init>(JSONArray.java:228)
at org.json.JSONObject.wrap(JSONObject.java:2488)
at org.json.JSONObject.populateMap(JSONObject.java:1570)
at org.json.JSONObject.populateMap(JSONObject.java:1537)
at org.json.JSONObject.<init>(JSONObject.java:374)
at org.json.JSONObject.wrap(JSONObject.java:2506)
at org.json.JSONObject.wrap(JSONObject.java:2464)
at org.json.JSONArray.addAll(JSONArray.java:1661)
at org.json.JSONArray.<init>(JSONArray.java:228)
at org.json.JSONObject.wrap(JSONObject.java:2488)
at org.json.JSONObject.populateMap(JSONObject.java:1570)
at org.json.JSONObject.populateMap(JSONObject.java:1537)
at org.json.JSONObject.<init>(JSONObject.java:374)
at org.json.JSONObject.wrap(JSONObject.java:2506)
at org.json.JSONObject.wrap(JSONObject.java:2464)
at org.json.JSONArray.addAll(JSONArray.java:1661)
at org.json.JSONArray.<init>(JSONArray.java:228)
at org.json.JSONObject.wrap(JSONObject.java:2488)
at org.json.JSONObject.populateMap(JSONObject.java:1570)
at org.json.JSONObject.populateMap(JSONObject.java:1537)
at org.json.JSONObject.<init>(JSONObject.java:374)
at org.json.JSONObject.wrap(JSONObject.java:2506)
at org.json.JSONObject.wrap(JSONObject.java:2464)
at org.json.JSONArray.addAll(JSONArray.java:1661)
at org.json.JSONArray.<init>(JSONArray.java:228)
at org.json.JSONObject.wrap(JSONObject.java:2488)
at org.json.JSONObject.populateMap(JSONObject.java:1570)
at org.json.JSONObject.populateMap(JSONObject.java:1537)
at org.json.JSONObject.<init>(JSONObject.java:374)
at org.json.JSONObject.wrap(JSONObject.java:2506)
at org.json.JSONObject.wrap(JSONObject.java:2464)
at org.json.JSONArray.addAll(JSONArray.java:1661)
at org.json.JSONArray.<init>(JSONArray.java:228)
at org.json.JSONObject.wrap(JSONObject.java:2488)
at org.json.JSONObject.populateMap(JSONObject.java:1570)
at org.json.JSONObject.populateMap(JSONObject.java:1537)
at org.json.JSONObject.<init>(JSONObject.java:374)
at org.json.JSONObject.wrap(JSONObject.java:2506)
at org.json.JSONObject.wrap(JSONObject.java:2464)
at org.json.JSONArray.addAll(JSONArray.java:1661)
at org.json.JSONArray.<init>(JSONArray.java:228)
at org.json.JSONObject.wrap(JSONObject.java:2488)
at org.json.JSONObject.populateMap(JSONObject.java:1570)
at org.json.JSONObject.populateMap(JSONObject.java:1537)
at org.json.JSONObject.<init>(JSONObject.java:374)
at org.json.JSONObject.wrap(JSONObject.java:2506)
at org.json.JSONObject.wrap(JSONObject.java:2464)
at org.json.JSONArray.addAll(JSONArray.java:1661)
at org.json.JSONArray.<init>(JSONArray.java:228)
at org.json.JSONObject.wrap(JSONObject.java:2488)
at org.json.JSONObject.populateMap(JSONObject.java:1570)
at org.json.JSONObject.populateMap(JSONObject.java:1537)
at org.json.JSONObject.<init>(JSONObject.java:374)
at org.json.JSONObject.wrap(JSONObject.java:2506)
at org.json.JSONObject.wrap(JSONObject.java:2464)
at org.json.JSONArray.addAll(JSONArray.java:1661)
at org.json.JSONArray.<init>(JSONArray.java:228)
at org.json.JSONObject.wrap(JSONObject.java:2488)
at org.json.JSONObject.populateMap(JSONObject.java:1570)
at org.json.JSONObject.populateMap(JSONObject.java:1537)
at org.json.JSONObject.<init>(JSONObject.java:374)
at org.json.JSONObject.wrap(JSONObject.java:2506)
at org.json.JSONObject.wrap(JSONObject.java:2464)
at org.json.JSONArray.addAll(JSONArray.java:1661)
at org.json.JSONArray.<init>(JSONArray.java:228)
at org.json.JSONObject.wrap(JSONObject.java:2488)
at org.json.JSONObject.populateMap(JSONObject.java:1570)
at org.json.JSONObject.populateMap(JSONObject.java:1537)
at org.json.JSONObject.<init>(JSONObject.java:374)
at org.json.JSONObject.wrap(JSONObject.java:2506)
at org.json.JSONObject.wrap(JSONObject.java:2464)
at org.json.JSONArray.addAll(JSONArray.java:1661)
at org.json.JSONArray.<init>(JSONArray.java:228)
at org.json.JSONObject.wrap(JSONObject.java:2488)
at org.json.JSONObject.populateMap(JSONObject.java:1570)
at org.json.JSONObject.populateMap(JSONObject.java:1537)
at org.json.JSONObject.<init>(JSONObject.java:374)
at org.json.JSONObject.wrap(JSONObject.java:2506)
at org.json.JSONObject.wrap(JSONObject.java:2464)
at org.json.JSONArray.addAll(JSONArray.java:1661)
at org.json.JSONArray.<init>(JSONArray.java:228)
at org.json.JSONObject.wrap(JSONObject.java:2488)
at org.json.JSONObject.populateMap(JSONObject.java:1570)
at org.json.JSONObject.populateMap(JSONObject.java:1537)
at org.json.JSONObject.<init>(JSONObject.java:374)
at org.json.JSONObject.wrap(JSONObject.java:2506)
at org.json.JSONObject.wrap(JSONObject.java:2464)
at org.json.JSONArray.addAll(JSONArray.java:1661)
at org.json.JSONArray.<init>(JSONArray.java:228)
at org.json.JSONObject.wrap(JSONObject.java:2488)
at org.json.JSONObject.populateMap(JSONObject.java:1570)
at org.json.JSONObject.populateMap(JSONObject.java:1537)
at org.json.JSONObject.<init>(JSONObject.java:374)
at org.json.JSONObject.wrap(JSONObject.java:2506)
at org.json.JSONObject.wrap(JSONObject.java:2464)
at org.json.JSONArray.addAll(JSONArray.java:1661)
at org.json.JSONArray.<init>(JSONArray.java:228)
at org.json.JSONObject.wrap(JSONObject.java:2488)
at org.json.JSONObject.populateMap(JSONObject.java:1570)
at org.json.JSONObject.populateMap(JSONObject.java:1537)
at org.json.JSONObject.<init>(JSONObject.java:374)
at org.json.JSONObject.wrap(JSONObject.java:2506)
at org.json.JSONObject.wrap(JSONObject.java:2464)
at org.json.JSONArray.addAll(JSONArray.java:1661)
at org.json.JSONArray.<init>(JSONArray.java:228)
at org.json.JSONObject.wrap(JSONObject.java:2488)
at org.json.JSONObject.populateMap(JSONObject.java:1570)
at org.json.JSONObject.populateMap(JSONObject.java:1537)
at org.json.JSONObject.<init>(JSONObject.java:374)
at org.json.JSONObject.wrap(JSONObject.java:2506)
at org.json.JSONObject.wrap(JSONObject.java:2464)
at org.json.JSONArray.addAll(JSONArray.java:1661)
at org.json.JSONArray.<init>(JSONArray.java:228)
at org.json.JSONObject.wrap(JSONObject.java:2488)
at org.json.JSONObject.populateMap(JSONObject.java:1570)
at org.json.JSONObject.populateMap(JSONObject.java:1537)
at org.json.JSONObject.<init>(JSONObject.java:374)
at org.json.JSONObject.wrap(JSONObject.java:2506)
at org.json.JSONObject.wrap(JSONObject.java:2464)
at org.json.JSONArray.addAll(JSONArray.java:1661)
at org.json.JSONArray.<init>(JSONArray.java:228)
at org.json.JSONObject.wrap(JSONObject.java:2488)
at org.json.JSONObject.populateMap(JSONObject.java:1570)
at org.json.JSONObject.populateMap(JSONObject.java:1537)
at org.json.JSONObject.<init>(JSONObject.java:374)
at org.json.JSONObject.wrap(JSONObject.java:2506)
at org.json.JSONObject.wrap(JSONObject.java:2464)
at org.json.JSONArray.addAll(JSONArray.java:1661)
at org.json.JSONArray.<init>(JSONArray.java:228)
at org.json.JSONObject.wrap(JSONObject.java:2488)
at org.json.JSONObject.populateMap(JSONObject.java:1570)
at org.json.JSONObject.populateMap(JSONObject.java:1537)
at org.json.JSONObject.<init>(JSONObject.java:374)
at org.json.JSONObject.wrap(JSONObject.java:2506)
at org.json.JSONObject.wrap(JSONObject.java:2464)
at org.json.JSONArray.addAll(JSONArray.java:1661)
at org.json.JSONArray.<init>(JSONArray.java:228)
at org.json.JSONObject.wrap(JSONObject.java:2488)
at org.json.JSONObject.populateMap(JSONObject.java:1570)
at org.json.JSONObject.populateMap(JSONObject.java:1537)
at org.json.JSONObject.<init>(JSONObject.java:374)
at org.json.JSONObject.wrap(JSONObject.java:2506)
at org.json.JSONObject.wrap(JSONObject.java:2464)
at org.json.JSONArray.addAll(JSONArray.java:1661)
at org.json.JSONArray.<init>(JSONArray.java:228)
at org.json.JSONObject.wrap(JSONObject.java:2488)
at org.json.JSONObject.populateMap(JSONObject.java:1570)
at org.json.JSONObject.populateMap(JSONObject.java:1537)
at org.json.JSONObject.<init>(JSONObject.java:374)
at org.json.JSONObject.wrap(JSONObject.java:2506)
at org.json.JSONObject.wrap(JSONObject.java:2464)
at org.json.JSONArray.addAll(JSONArray.java:1661)
at org.json.JSONArray.<init>(JSONArray.java:228)
at org.json.JSONObject.wrap(JSONObject.java:2488)
at org.json.JSONObject.populateMap(JSONObject.java:1570)
at org.json.JSONObject.populateMap(JSONObject.java:1537)
at org.json.JSONObject.<init>(JSONObject.java:374)
at org.json.JSONObject.wrap(JSONObject.java:2506)
at org.json.JSONObject.wrap(JSONObject.java:2464)
at org.json.JSONArray.addAll(JSONArray.java:1661)
at org.json.JSONArray.<init>(JSONArray.java:228)
at org.json.JSONObject.wrap(JSONObject.java:2488)
at org.json.JSONObject.populateMap(JSONObject.java:1570)
at org.json.JSONObject.populateMap(JSONObject.java:1537)
at org.json.JSONObject.<init>(JSONObject.java:374)
at org.json.JSONObject.wrap(JSONObject.java:2506)
at org.json.JSONObject.wrap(JSONObject.java:2464)
at org.json.JSONArray.addAll(JSONArray.java:1661)
at org.json.JSONArray.<init>(JSONArray.java:228)
at org.json.JSONObject.wrap(JSONObject.java:2488)
at org.json.JSONObject.populateMap(JSONObject.java:1570)
at org.json.JSONObject.populateMap(JSONObject.java:1537)
at org.json.JSONObject.<init>(JSONObject.java:374)
at org.json.JSONObject.wrap(JSONObject.java:2506)
at org.json.JSONObject.wrap(JSONObject.java:2464)
at org.json.JSONArray.addAll(JSONArray.java:1661)
at org.json.JSONArray.<init>(JSONArray.java:228)
at org.json.JSONObject.wrap(JSONObject.java:2488)
at org.json.JSONObject.populateMap(JSONObject.java:1570)
at org.json.JSONObject.populateMap(JSONObject.java:1537)
at org.json.JSONObject.<init>(JSONObject.java:374)
at org.json.JSONObject.wrap(JSONObject.java:2506)
at org.json.JSONObject.wrap(JSONObject.java:2464)
at org.json.JSONArray.addAll(JSONArray.java:1661)
at org.json.JSONArray.<init>(JSONArray.java:228)
at org.json.JSONObject.wrap(JSONObject.java:2488)
at org.json.JSONObject.populateMap(JSONObject.java:1570)
]]>
    </error>
  </testcase> <!-- captureResponse -->
  <system-out/>
</testsuite> <!-- Day4.parsingJsonResponseData -->
