<?xml version="1.0" encoding="UTF-8"?>
<!-- Generated by org.testng.reporters.JUnitReportReporter -->
<testsuite hostname="DESKTOP-R8OT5TI" failures="0" tests="1" name="Day3.logofHeaderCookiesBody" time="4.394" errors="0" timestamp="2023-04-07T13:57:22 IST" skipped="0">
  <testcase classname="Day3.logofHeaderCookiesBody" name="logging" time="4.394"/>
  <system-out/>
</testsuite> <!-- Day3.logofHeaderCookiesBody -->
