<?xml version="1.0" encoding="UTF-8"?>
<!-- Generated by org.testng.reporters.JUnitReportReporter -->
<testsuite hostname="DESKTOP-R8OT5TI" failures="0" tests="1" name="Day6.JSONSchemaValidator" time="3.638" errors="0" timestamp="2023-05-09T19:09:44 IST" skipped="0">
  <testcase classname="Day6.JSONSchemaValidator" name="jsonschemavalidation" time="3.638"/>
  <system-out/>
</testsuite> <!-- Day6.JSONSchemaValidator -->
