<?xml version="1.0" encoding="UTF-8"?>
<!-- Generated by org.testng.reporters.JUnitReportReporter -->
<testsuite hostname="DESKTOP-R8OT5TI" failures="0" tests="1" name="Day7.Authentication" time="3.709" errors="0" timestamp="2023-05-10T19:20:14 IST" skipped="0">
  <testcase classname="Day7.Authentication" name="BearerToken" time="3.709"/>
  <system-out/>
</testsuite> <!-- Day7.Authentication -->
