<?xml version="1.0" encoding="UTF-8"?>
<!-- Generated by org.testng.reporters.JUnitReportReporter -->
<testsuite hostname="DESKTOP-R8OT5TI" failures="0" tests="1" name="Day2.DifferentWaysToRequestBody" time="3.601" errors="0" timestamp="2023-04-05T21:37:47 IST" skipped="0">
  <testcase classname="Day2.DifferentWaysToRequestBody" name="RequestPayloadUsingExternalJsonFile" time="3.601"/>
  <system-out/>
</testsuite> <!-- Day2.DifferentWaysToRequestBody -->
