<?xml version="1.0" encoding="UTF-8"?>
<!-- Generated by org.testng.reporters.JUnitReportReporter -->
<testsuite hostname="DESKTOP-R8OT5TI" failures="0" tests="2" name="Day5.DownloadFile" time="2.438" errors="0" timestamp="2023-05-06T19:12:39 IST" skipped="0">
  <testcase classname="Day5.DownloadFile" name="downloadFile" time="2.400"/>
  <system-out/>
  <testcase classname="Day5.DownloadFile" name="downloadFile2" time="0.038"/>
  <system-out/>
</testsuite> <!-- Day5.DownloadFile -->
